2023-11-04 20:19:43.607 +02:00  INF  User profile is available. Using 'C:\Users\Gift.Ramashia\AppData\Local\ASP.NET\DataProtection-Keys' as key repository and Windows DPAPI to encrypt keys at rest.
2023-11-04 20:19:43.841 +02:00  INF  Application started. Press Ctrl+C to shut down.
2023-11-04 20:19:43.842 +02:00  INF  Hosting environment: Development
2023-11-04 20:19:43.843 +02:00  INF  Content root path: C:\Users\Gift.Ramashia\source\Practise\Dockerization\WebAPI\WebAPI\
2023-11-04 20:19:43.895 +02:00  INF  Request starting HTTP/2 GET https://localhost:44330/swagger/index.html - -
2023-11-04 20:19:44.346 +02:00  INF  Request starting HTTP/2 GET https://localhost:44330/_vs/browserLink - -
2023-11-04 20:19:44.351 +02:00  INF  Request starting HTTP/2 GET https://localhost:44330/_framework/aspnetcore-browser-refresh.js - -
2023-11-04 20:19:44.352 +02:00  INF  Request finished HTTP/2 GET https://localhost:44330/swagger/index.html - - - 200 - text/html;charset=utf-8 458.0416ms
2023-11-04 20:19:44.391 +02:00  INF  Request finished HTTP/2 GET https://localhost:44330/_framework/aspnetcore-browser-refresh.js - - - 200 12344 application/javascript;+charset=utf-8 33.0679ms
2023-11-04 20:19:44.432 +02:00  INF  Request finished HTTP/2 GET https://localhost:44330/_vs/browserLink - - - 200 - text/javascript;+charset=UTF-8 86.0990ms
2023-11-04 20:19:44.477 +02:00  INF  Request starting HTTP/2 GET https://localhost:44330/swagger/v1/swagger.json - -
2023-11-04 20:19:44.616 +02:00  INF  Request finished HTTP/2 GET https://localhost:44330/swagger/v1/swagger.json - - - 200 - application/json;charset=utf-8 139.6650ms
2023-11-04 20:28:07.816 +02:00  INF  User profile is available. Using 'C:\Users\Gift.Ramashia\AppData\Local\ASP.NET\DataProtection-Keys' as key repository and Windows DPAPI to encrypt keys at rest.
2023-11-04 20:28:08.104 +02:00  INF  Application started. Press Ctrl+C to shut down.
2023-11-04 20:28:08.146 +02:00  INF  Hosting environment: Development
2023-11-04 20:28:08.147 +02:00  INF  Content root path: C:\Users\Gift.Ramashia\source\Practise\Dockerization\WebAPI\WebAPI\
2023-11-04 20:28:08.184 +02:00  INF  Request starting HTTP/2 GET https://localhost:44330/swagger/index.html - -
2023-11-04 20:28:08.615 +02:00  INF  Request starting HTTP/2 GET https://localhost:44330/_framework/aspnetcore-browser-refresh.js - -
2023-11-04 20:28:08.616 +02:00  INF  Request starting HTTP/2 GET https://localhost:44330/_vs/browserLink - -
2023-11-04 20:28:08.616 +02:00  INF  Request finished HTTP/2 GET https://localhost:44330/swagger/index.html - - - 200 - text/html;charset=utf-8 436.0882ms
2023-11-04 20:28:08.644 +02:00  INF  Request finished HTTP/2 GET https://localhost:44330/_framework/aspnetcore-browser-refresh.js - - - 200 12344 application/javascript;+charset=utf-8 19.7922ms
2023-11-04 20:28:08.689 +02:00  INF  Request finished HTTP/2 GET https://localhost:44330/_vs/browserLink - - - 200 - text/javascript;+charset=UTF-8 72.9581ms
2023-11-04 20:28:08.738 +02:00  INF  Request starting HTTP/2 GET https://localhost:44330/swagger/v1/swagger.json - -
2023-11-04 20:28:08.886 +02:00  INF  Request finished HTTP/2 GET https://localhost:44330/swagger/v1/swagger.json - - - 200 - application/json;charset=utf-8 147.6985ms
2023-11-04 20:28:59.824 +02:00  INF  Request starting HTTP/2 POST https://localhost:44330/api/Authenticate application/json 56
2023-11-04 20:28:59.846 +02:00  INF  Executing endpoint 'WebAPI.Controllers.AuthenticateController.Authenticate (WebAPI)'
2023-11-04 20:28:59.891 +02:00  INF  Route matched with {action = "Authenticate", controller = "Authenticate"}. Executing controller action with signature System.Threading.Tasks.Task`1[Microsoft.AspNetCore.Mvc.IActionResult] Authenticate(WebAPI.Common.Model.UserLogin) on controller WebAPI.Controllers.AuthenticateController (WebAPI).
2023-11-04 20:29:00.961 +02:00  INF  Executing OkObjectResult, writing value of type 'WebAPI.Common.Model.Tokens'.
2023-11-04 20:29:00.972 +02:00  INF  Executed action WebAPI.Controllers.AuthenticateController.Authenticate (WebAPI) in 1075.4265ms
2023-11-04 20:29:00.976 +02:00  INF  Executed endpoint 'WebAPI.Controllers.AuthenticateController.Authenticate (WebAPI)'
2023-11-04 20:29:00.977 +02:00  INF  Request finished HTTP/2 POST https://localhost:44330/api/Authenticate application/json 56 - 200 - application/json;+charset=utf-8 1153.4258ms
2023-11-04 20:36:14.496 +02:00  INF  User profile is available. Using 'C:\Users\Gift.Ramashia\AppData\Local\ASP.NET\DataProtection-Keys' as key repository and Windows DPAPI to encrypt keys at rest.
2023-11-04 20:36:14.700 +02:00  INF  Application started. Press Ctrl+C to shut down.
2023-11-04 20:36:14.701 +02:00  INF  Hosting environment: Development
2023-11-04 20:36:14.701 +02:00  INF  Content root path: C:\Users\Gift.Ramashia\source\Practise\Dockerization\WebAPI\WebAPI\
2023-11-04 20:36:14.737 +02:00  INF  Request starting HTTP/2 GET https://localhost:44330/swagger/index.html - -
2023-11-04 20:36:15.143 +02:00  INF  Request starting HTTP/2 GET https://localhost:44330/_framework/aspnetcore-browser-refresh.js - -
2023-11-04 20:36:15.143 +02:00  INF  Request starting HTTP/2 GET https://localhost:44330/_vs/browserLink - -
2023-11-04 20:36:15.146 +02:00  INF  Request finished HTTP/2 GET https://localhost:44330/swagger/index.html - - - 200 - text/html;charset=utf-8 413.5079ms
2023-11-04 20:36:15.178 +02:00  INF  Request finished HTTP/2 GET https://localhost:44330/_framework/aspnetcore-browser-refresh.js - - - 200 12344 application/javascript;+charset=utf-8 13.8020ms
2023-11-04 20:36:15.224 +02:00  INF  Request finished HTTP/2 GET https://localhost:44330/_vs/browserLink - - - 200 - text/javascript;+charset=UTF-8 80.4505ms
2023-11-04 20:36:15.269 +02:00  INF  Request starting HTTP/2 GET https://localhost:44330/swagger/v1/swagger.json - -
2023-11-04 20:36:15.407 +02:00  INF  Request finished HTTP/2 GET https://localhost:44330/swagger/v1/swagger.json - - - 200 - application/json;charset=utf-8 138.1313ms
2023-11-04 20:36:25.251 +02:00  INF  Request starting HTTP/2 GET https://localhost:44330/api/Jobs - -
2023-11-04 20:36:25.262 +02:00  INF  Authorization failed. These requirements were not met:
DenyAnonymousAuthorizationRequirement: Requires an authenticated user.
2023-11-04 20:36:25.399 +02:00  INF  AuthenticationScheme: Bearer was challenged.
2023-11-04 20:36:25.400 +02:00  INF  Request finished HTTP/2 GET https://localhost:44330/api/Jobs - - - 401 - - 149.4542ms
2023-11-04 20:36:40.169 +02:00  INF  Request starting HTTP/2 POST https://localhost:44330/api/Authenticate application/json 50
2023-11-04 20:36:40.173 +02:00  INF  Executing endpoint 'WebAPI.Controllers.AuthenticateController.Authenticate (WebAPI)'
2023-11-04 20:36:40.205 +02:00  INF  Route matched with {action = "Authenticate", controller = "Authenticate"}. Executing controller action with signature System.Threading.Tasks.Task`1[Microsoft.AspNetCore.Mvc.IActionResult] Authenticate(WebAPI.Common.Model.UserLogin) on controller WebAPI.Controllers.AuthenticateController (WebAPI).
2023-11-04 20:36:40.958 +02:00  INF  Executing ObjectResult, writing value of type 'Microsoft.AspNetCore.Mvc.ProblemDetails'.
2023-11-04 20:36:40.969 +02:00  INF  Executed action WebAPI.Controllers.AuthenticateController.Authenticate (WebAPI) in 757.2261ms
2023-11-04 20:36:40.972 +02:00  INF  Executed endpoint 'WebAPI.Controllers.AuthenticateController.Authenticate (WebAPI)'
2023-11-04 20:36:40.973 +02:00  INF  Request finished HTTP/2 POST https://localhost:44330/api/Authenticate application/json 50 - 401 - application/problem+json;+charset=utf-8 804.8285ms
2023-11-04 20:37:18.112 +02:00  INF  Request starting HTTP/1.1 GET https://localhost:44330/api/Authenticate application/json 53
2023-11-04 20:37:18.113 +02:00  INF  Executing endpoint '405 HTTP Method Not Supported'
2023-11-04 20:37:18.114 +02:00  INF  Executed endpoint '405 HTTP Method Not Supported'
2023-11-04 20:37:18.115 +02:00  INF  Request finished HTTP/1.1 GET https://localhost:44330/api/Authenticate application/json 53 - 405 - - 2.9235ms
2023-11-04 20:37:26.869 +02:00  INF  Request starting HTTP/1.1 POST https://localhost:44330/api/Authenticate application/json 53
2023-11-04 20:37:26.870 +02:00  INF  Executing endpoint 'WebAPI.Controllers.AuthenticateController.Authenticate (WebAPI)'
2023-11-04 20:37:26.870 +02:00  INF  Route matched with {action = "Authenticate", controller = "Authenticate"}. Executing controller action with signature System.Threading.Tasks.Task`1[Microsoft.AspNetCore.Mvc.IActionResult] Authenticate(WebAPI.Common.Model.UserLogin) on controller WebAPI.Controllers.AuthenticateController (WebAPI).
2023-11-04 20:37:26.882 +02:00  INF  Executing ObjectResult, writing value of type 'Microsoft.AspNetCore.Mvc.ProblemDetails'.
2023-11-04 20:37:26.882 +02:00  INF  Executed action WebAPI.Controllers.AuthenticateController.Authenticate (WebAPI) in 12.2557ms
2023-11-04 20:37:26.883 +02:00  INF  Executed endpoint 'WebAPI.Controllers.AuthenticateController.Authenticate (WebAPI)'
2023-11-04 20:37:26.883 +02:00  INF  Request finished HTTP/1.1 POST https://localhost:44330/api/Authenticate application/json 53 - 401 - application/problem+json;+charset=utf-8 13.9163ms
2023-11-04 20:37:53.634 +02:00  INF  Request starting HTTP/1.1 POST https://localhost:44330/api/Authenticate application/json 59
2023-11-04 20:37:53.635 +02:00  INF  Executing endpoint 'WebAPI.Controllers.AuthenticateController.Authenticate (WebAPI)'
2023-11-04 20:37:53.637 +02:00  INF  Route matched with {action = "Authenticate", controller = "Authenticate"}. Executing controller action with signature System.Threading.Tasks.Task`1[Microsoft.AspNetCore.Mvc.IActionResult] Authenticate(WebAPI.Common.Model.UserLogin) on controller WebAPI.Controllers.AuthenticateController (WebAPI).
2023-11-04 20:37:53.817 +02:00  INF  Executing OkObjectResult, writing value of type 'WebAPI.Common.Model.Tokens'.
2023-11-04 20:37:53.818 +02:00  INF  Executed action WebAPI.Controllers.AuthenticateController.Authenticate (WebAPI) in 180.2949ms
2023-11-04 20:37:53.819 +02:00  INF  Executed endpoint 'WebAPI.Controllers.AuthenticateController.Authenticate (WebAPI)'
2023-11-04 20:37:53.819 +02:00  INF  Request finished HTTP/1.1 POST https://localhost:44330/api/Authenticate application/json 59 - 200 - application/json;+charset=utf-8 185.1234ms
2023-11-04 20:38:11.838 +02:00  INF  Request starting HTTP/2 GET https://localhost:44330/api/Jobs - -
2023-11-04 20:38:11.838 +02:00  INF  Authorization failed. These requirements were not met:
DenyAnonymousAuthorizationRequirement: Requires an authenticated user.
2023-11-04 20:38:11.839 +02:00  INF  AuthenticationScheme: Bearer was challenged.
2023-11-04 20:38:11.839 +02:00  INF  Request finished HTTP/2 GET https://localhost:44330/api/Jobs - - - 401 - - 1.5242ms
2023-11-04 20:38:21.156 +02:00  INF  Request starting HTTP/1.1 GET https://localhost:44330/api/Jobs - -
2023-11-04 20:38:21.156 +02:00  INF  Authorization failed. These requirements were not met:
DenyAnonymousAuthorizationRequirement: Requires an authenticated user.
2023-11-04 20:38:21.239 +02:00  INF  AuthenticationScheme: Bearer was challenged.
2023-11-04 20:38:21.240 +02:00  INF  Request finished HTTP/1.1 GET https://localhost:44330/api/Jobs - - - 401 - - 84.3091ms
2023-11-04 20:38:31.275 +02:00  INF  Request starting HTTP/1.1 GET https://localhost:44330/api/Jobs - -
2023-11-04 20:38:31.275 +02:00  INF  Authorization failed. These requirements were not met:
DenyAnonymousAuthorizationRequirement: Requires an authenticated user.
2023-11-04 20:38:31.276 +02:00  INF  AuthenticationScheme: Bearer was challenged.
2023-11-04 20:38:31.276 +02:00  INF  Request finished HTTP/1.1 GET https://localhost:44330/api/Jobs - - - 401 - - 1.5159ms
2023-11-04 20:39:31.436 +02:00  INF  User profile is available. Using 'C:\Users\Gift.Ramashia\AppData\Local\ASP.NET\DataProtection-Keys' as key repository and Windows DPAPI to encrypt keys at rest.
2023-11-04 20:39:31.654 +02:00  INF  Application started. Press Ctrl+C to shut down.
2023-11-04 20:39:31.662 +02:00  INF  Hosting environment: Development
2023-11-04 20:39:31.662 +02:00  INF  Content root path: C:\Users\Gift.Ramashia\source\Practise\Dockerization\WebAPI\WebAPI\
2023-11-04 20:39:31.700 +02:00  INF  Request starting HTTP/2 GET https://localhost:44330/swagger/index.html - -
2023-11-04 20:39:32.082 +02:00  INF  Request starting HTTP/2 GET https://localhost:44330/_vs/browserLink - -
2023-11-04 20:39:32.083 +02:00  INF  Request starting HTTP/2 GET https://localhost:44330/_framework/aspnetcore-browser-refresh.js - -
2023-11-04 20:39:32.083 +02:00  INF  Request finished HTTP/2 GET https://localhost:44330/swagger/index.html - - - 200 - text/html;charset=utf-8 384.0744ms
2023-11-04 20:39:32.117 +02:00  INF  Request finished HTTP/2 GET https://localhost:44330/_framework/aspnetcore-browser-refresh.js - - - 200 12344 application/javascript;+charset=utf-8 30.7776ms
2023-11-04 20:39:32.164 +02:00  INF  Request finished HTTP/2 GET https://localhost:44330/_vs/browserLink - - - 200 - text/javascript;+charset=UTF-8 81.4987ms
2023-11-04 20:39:32.227 +02:00  INF  Request starting HTTP/2 GET https://localhost:44330/swagger/v1/swagger.json - -
2023-11-04 20:39:32.363 +02:00  INF  Request finished HTTP/2 GET https://localhost:44330/swagger/v1/swagger.json - - - 200 - application/json;charset=utf-8 135.8235ms
2023-11-04 20:39:33.886 +02:00  INF  Request starting HTTP/1.1 POST https://localhost:44330/api/Authenticate application/json 59
2023-11-04 20:39:33.895 +02:00  INF  Executing endpoint 'WebAPI.Controllers.AuthenticateController.Authenticate (WebAPI)'
2023-11-04 20:39:33.929 +02:00  INF  Route matched with {action = "Authenticate", controller = "Authenticate"}. Executing controller action with signature System.Threading.Tasks.Task`1[Microsoft.AspNetCore.Mvc.IActionResult] Authenticate(WebAPI.Common.Model.UserLogin) on controller WebAPI.Controllers.AuthenticateController (WebAPI).
2023-11-04 20:39:54.759 +02:00  INF  Executing OkObjectResult, writing value of type 'WebAPI.Common.Model.Tokens'.
2023-11-04 20:39:54.767 +02:00  INF  Executed action WebAPI.Controllers.AuthenticateController.Authenticate (WebAPI) in 20833.8074ms
2023-11-04 20:39:54.772 +02:00  INF  Executed endpoint 'WebAPI.Controllers.AuthenticateController.Authenticate (WebAPI)'
2023-11-04 20:39:54.774 +02:00  INF  Request finished HTTP/1.1 POST https://localhost:44330/api/Authenticate application/json 59 - 200 - application/json;+charset=utf-8 20887.3333ms
2023-11-04 20:40:06.367 +02:00  INF  Request starting HTTP/1.1 GET https://localhost:44330/api/Jobs - -
2023-11-04 20:40:06.378 +02:00  INF  Authorization failed. These requirements were not met:
DenyAnonymousAuthorizationRequirement: Requires an authenticated user.
2023-11-04 20:40:06.509 +02:00  INF  AuthenticationScheme: Bearer was challenged.
2023-11-04 20:40:06.510 +02:00  INF  Request finished HTTP/1.1 GET https://localhost:44330/api/Jobs - - - 401 - - 142.9943ms
2023-11-04 20:41:38.414 +02:00  INF  User profile is available. Using 'C:\Users\Gift.Ramashia\AppData\Local\ASP.NET\DataProtection-Keys' as key repository and Windows DPAPI to encrypt keys at rest.
2023-11-04 20:41:38.597 +02:00  INF  Application started. Press Ctrl+C to shut down.
2023-11-04 20:41:38.598 +02:00  INF  Hosting environment: Development
2023-11-04 20:41:38.598 +02:00  INF  Content root path: C:\Users\Gift.Ramashia\source\Practise\Dockerization\WebAPI\WebAPI\
2023-11-04 20:41:38.631 +02:00  INF  Request starting HTTP/2 GET https://localhost:44330/swagger/index.html - -
2023-11-04 20:41:38.961 +02:00  INF  Request finished HTTP/2 GET https://localhost:44330/swagger/index.html - - - 200 - text/html;charset=utf-8 334.1936ms
2023-11-04 20:41:38.974 +02:00  INF  Request starting HTTP/2 GET https://localhost:44330/_framework/aspnetcore-browser-refresh.js - -
2023-11-04 20:41:38.975 +02:00  INF  Request starting HTTP/2 GET https://localhost:44330/_vs/browserLink - -
2023-11-04 20:41:38.996 +02:00  INF  Request finished HTTP/2 GET https://localhost:44330/_framework/aspnetcore-browser-refresh.js - - - 200 12344 application/javascript;+charset=utf-8 15.7000ms
2023-11-04 20:41:39.036 +02:00  INF  Request finished HTTP/2 GET https://localhost:44330/_vs/browserLink - - - 200 - text/javascript;+charset=UTF-8 60.6807ms
2023-11-04 20:41:39.111 +02:00  INF  Request starting HTTP/2 GET https://localhost:44330/swagger/v1/swagger.json - -
2023-11-04 20:41:39.270 +02:00  INF  Request finished HTTP/2 GET https://localhost:44330/swagger/v1/swagger.json - - - 200 - application/json;charset=utf-8 158.7194ms
2023-11-04 20:41:44.350 +02:00  INF  Request starting HTTP/1.1 GET https://localhost:44330/api/Jobs - -
2023-11-04 20:41:44.356 +02:00  INF  Authorization failed. These requirements were not met:
DenyAnonymousAuthorizationRequirement: Requires an authenticated user.
2023-11-04 20:41:44.713 +02:00  INF  AuthenticationScheme: Bearer was challenged.
2023-11-04 20:41:44.714 +02:00  INF  Request finished HTTP/1.1 GET https://localhost:44330/api/Jobs - - - 401 - - 364.7822ms
2023-11-04 20:41:54.925 +02:00  INF  Request starting HTTP/1.1 POST https://localhost:44330/api/Authenticate application/json 59
2023-11-04 20:41:54.935 +02:00  INF  Executing endpoint 'WebAPI.Controllers.AuthenticateController.Authenticate (WebAPI)'
2023-11-04 20:41:54.971 +02:00  INF  Route matched with {action = "Authenticate", controller = "Authenticate"}. Executing controller action with signature System.Threading.Tasks.Task`1[Microsoft.AspNetCore.Mvc.IActionResult] Authenticate(WebAPI.Common.Model.UserLogin) on controller WebAPI.Controllers.AuthenticateController (WebAPI).
2023-11-04 20:42:00.225 +02:00  INF  Executing OkObjectResult, writing value of type 'WebAPI.Common.Model.Tokens'.
2023-11-04 20:42:00.234 +02:00  INF  Executed action WebAPI.Controllers.AuthenticateController.Authenticate (WebAPI) in 5257.9858ms
2023-11-04 20:42:00.237 +02:00  INF  Executed endpoint 'WebAPI.Controllers.AuthenticateController.Authenticate (WebAPI)'
2023-11-04 20:42:00.239 +02:00  INF  Request finished HTTP/1.1 POST https://localhost:44330/api/Authenticate application/json 59 - 200 - application/json;+charset=utf-8 5313.9425ms
2023-11-04 20:42:08.249 +02:00  INF  Request starting HTTP/1.1 GET https://localhost:44330/api/Jobs - -
2023-11-04 20:42:08.250 +02:00  INF  Authorization failed. These requirements were not met:
DenyAnonymousAuthorizationRequirement: Requires an authenticated user.
2023-11-04 20:42:08.252 +02:00  INF  AuthenticationScheme: Bearer was challenged.
2023-11-04 20:42:08.253 +02:00  INF  Request finished HTTP/1.1 GET https://localhost:44330/api/Jobs - - - 401 - - 3.5647ms
2023-11-04 20:42:37.098 +02:00  INF  User profile is available. Using 'C:\Users\Gift.Ramashia\AppData\Local\ASP.NET\DataProtection-Keys' as key repository and Windows DPAPI to encrypt keys at rest.
2023-11-04 20:42:37.281 +02:00  INF  Application started. Press Ctrl+C to shut down.
2023-11-04 20:42:37.282 +02:00  INF  Hosting environment: Development
2023-11-04 20:42:37.282 +02:00  INF  Content root path: C:\Users\Gift.Ramashia\source\Practise\Dockerization\WebAPI\WebAPI\
2023-11-04 20:42:37.332 +02:00  INF  Request starting HTTP/2 GET https://localhost:44330/swagger/index.html - -
2023-11-04 20:42:37.738 +02:00  INF  Request starting HTTP/2 GET https://localhost:44330/_framework/aspnetcore-browser-refresh.js - -
2023-11-04 20:42:37.738 +02:00  INF  Request finished HTTP/2 GET https://localhost:44330/swagger/index.html - - - 200 - text/html;charset=utf-8 410.3086ms
2023-11-04 20:42:37.755 +02:00  INF  Request starting HTTP/2 GET https://localhost:44330/_vs/browserLink - -
2023-11-04 20:42:37.808 +02:00  INF  Request finished HTTP/2 GET https://localhost:44330/_framework/aspnetcore-browser-refresh.js - - - 200 12344 application/javascript;+charset=utf-8 27.6927ms
2023-11-04 20:42:37.850 +02:00  INF  Request finished HTTP/2 GET https://localhost:44330/_vs/browserLink - - - 200 - text/javascript;+charset=UTF-8 95.9174ms
2023-11-04 20:42:37.891 +02:00  INF  Request starting HTTP/2 GET https://localhost:44330/swagger/v1/swagger.json - -
2023-11-04 20:42:38.018 +02:00  INF  Request finished HTTP/2 GET https://localhost:44330/swagger/v1/swagger.json - - - 200 - application/json;charset=utf-8 126.9085ms
2023-11-04 20:43:30.706 +02:00  INF  Request starting HTTP/1.1 GET https://localhost:44330/api/Jobs - -
2023-11-04 20:43:31.230 +02:00  INF  Executing endpoint 'WebAPI.Controllers.JobsController.Get (WebAPI)'
2023-11-04 20:43:31.267 +02:00  INF  Route matched with {action = "Get", controller = "Jobs"}. Executing controller action with signature System.Threading.Tasks.Task`1[Microsoft.AspNetCore.Mvc.IActionResult] Get() on controller WebAPI.Controllers.JobsController (WebAPI).
2023-11-04 20:43:31.290 +02:00  INF  Get all jobs end point request
2023-11-04 20:43:32.203 +02:00  INF  Result obtained: [{"Id":1,"Name":"string","Description":"string","LastRunTime":"2023-11-04T11:54:38.653","Interval":60}]
2023-11-04 20:43:32.212 +02:00  INF  Executing StatusCodeResult, setting HTTP status code 200
2023-11-04 20:43:32.225 +02:00  INF  Executed action WebAPI.Controllers.JobsController.Get (WebAPI) in 948.7943ms
2023-11-04 20:43:32.229 +02:00  INF  Executed endpoint 'WebAPI.Controllers.JobsController.Get (WebAPI)'
2023-11-04 20:43:32.234 +02:00  INF  Request finished HTTP/1.1 GET https://localhost:44330/api/Jobs - - - 200 - - 1527.7604ms
2023-11-04 20:43:54.333 +02:00  INF  Request starting HTTP/1.1 GET https://localhost:44330/api/Jobs - -
2023-11-04 20:43:54.356 +02:00  INF  Executing endpoint 'WebAPI.Controllers.JobsController.Get (WebAPI)'
2023-11-04 20:43:54.360 +02:00  INF  Route matched with {action = "Get", controller = "Jobs"}. Executing controller action with signature System.Threading.Tasks.Task`1[Microsoft.AspNetCore.Mvc.IActionResult] Get() on controller WebAPI.Controllers.JobsController (WebAPI).
2023-11-04 20:43:54.361 +02:00  INF  Get all jobs end point request
2023-11-04 20:43:54.373 +02:00  INF  Result obtained: [{"Id":1,"Name":"string","Description":"string","LastRunTime":"2023-11-04T11:54:38.653","Interval":60}]
2023-11-04 20:43:54.373 +02:00  INF  Executing StatusCodeResult, setting HTTP status code 200
2023-11-04 20:43:54.374 +02:00  INF  Executed action WebAPI.Controllers.JobsController.Get (WebAPI) in 13.0551ms
2023-11-04 20:43:54.374 +02:00  INF  Executed endpoint 'WebAPI.Controllers.JobsController.Get (WebAPI)'
2023-11-04 20:43:54.374 +02:00  INF  Request finished HTTP/1.1 GET https://localhost:44330/api/Jobs - - - 200 - - 41.0065ms
2023-11-04 20:44:14.726 +02:00  INF  Request starting HTTP/1.1 GET https://localhost:44330/api/Jobs - -
2023-11-04 20:44:14.732 +02:00  INF  Executing endpoint 'WebAPI.Controllers.JobsController.Get (WebAPI)'
2023-11-04 20:44:14.732 +02:00  INF  Route matched with {action = "Get", controller = "Jobs"}. Executing controller action with signature System.Threading.Tasks.Task`1[Microsoft.AspNetCore.Mvc.IActionResult] Get() on controller WebAPI.Controllers.JobsController (WebAPI).
2023-11-04 20:44:17.987 +02:00  INF  Get all jobs end point request
2023-11-04 20:44:28.260 +02:00  INF  Result obtained: [{"Id":1,"Name":"string","Description":"string","LastRunTime":"2023-11-04T11:54:38.653","Interval":60}]
2023-11-04 20:44:44.820 +02:00  INF  User profile is available. Using 'C:\Users\Gift.Ramashia\AppData\Local\ASP.NET\DataProtection-Keys' as key repository and Windows DPAPI to encrypt keys at rest.
2023-11-04 20:44:45.058 +02:00  INF  Application started. Press Ctrl+C to shut down.
2023-11-04 20:44:45.058 +02:00  INF  Hosting environment: Development
2023-11-04 20:44:45.059 +02:00  INF  Content root path: C:\Users\Gift.Ramashia\source\Practise\Dockerization\WebAPI\WebAPI\
2023-11-04 20:44:45.100 +02:00  INF  Request starting HTTP/2 GET https://localhost:44330/swagger/index.html - -
2023-11-04 20:44:45.464 +02:00  INF  Request starting HTTP/2 GET https://localhost:44330/_framework/aspnetcore-browser-refresh.js - -
2023-11-04 20:44:45.464 +02:00  INF  Request starting HTTP/2 GET https://localhost:44330/_vs/browserLink - -
2023-11-04 20:44:45.466 +02:00  INF  Request finished HTTP/2 GET https://localhost:44330/swagger/index.html - - - 200 - text/html;charset=utf-8 369.9510ms
2023-11-04 20:44:45.488 +02:00  INF  Request finished HTTP/2 GET https://localhost:44330/_framework/aspnetcore-browser-refresh.js - - - 200 12344 application/javascript;+charset=utf-8 22.0745ms
2023-11-04 20:44:45.521 +02:00  INF  Request finished HTTP/2 GET https://localhost:44330/_vs/browserLink - - - 200 - text/javascript;+charset=UTF-8 57.7944ms
2023-11-04 20:44:45.566 +02:00  INF  Request starting HTTP/2 GET https://localhost:44330/swagger/v1/swagger.json - -
2023-11-04 20:44:45.686 +02:00  INF  Request finished HTTP/2 GET https://localhost:44330/swagger/v1/swagger.json - - - 200 - application/json;charset=utf-8 120.2029ms
