2023-11-18 10:27:44.258 +02:00  INF  User profile is available. Using 'C:\Users\Gift.Ramashia\AppData\Local\ASP.NET\DataProtection-Keys' as key repository and Windows DPAPI to encrypt keys at rest.
2023-11-18 10:27:44.716 +02:00  INF  Application started. Press Ctrl+C to shut down.
2023-11-18 10:27:44.718 +02:00  INF  Hosting environment: Development
2023-11-18 10:27:44.719 +02:00  INF  Content root path: C:\Users\Gift.Ramashia\source\Practise\Dockerization\WebAPI\WebAPI\
2023-11-18 10:27:44.812 +02:00  INF  Request starting HTTP/2 GET https://localhost:44330/swagger - -
2023-11-18 10:27:45.108 +02:00  INF  Request starting HTTP/2 GET https://localhost:44330/swagger/index.html - -
2023-11-18 10:27:45.119 +02:00  INF  Request finished HTTP/2 GET https://localhost:44330/swagger - - - 301 - - 320.9277ms
2023-11-18 10:27:45.792 +02:00  INF  Request finished HTTP/2 GET https://localhost:44330/swagger/index.html - - - 200 - text/html;charset=utf-8 683.3710ms
2023-11-18 10:27:45.826 +02:00  INF  Request starting HTTP/2 GET https://localhost:44330/swagger/swagger-ui.css - -
2023-11-18 10:27:45.826 +02:00  INF  Request starting HTTP/2 GET https://localhost:44330/_framework/aspnetcore-browser-refresh.js - -
2023-11-18 10:27:45.834 +02:00  INF  Request starting HTTP/2 GET https://localhost:44330/swagger/swagger-ui-standalone-preset.js - -
2023-11-18 10:27:45.843 +02:00  INF  Request starting HTTP/2 GET https://localhost:44330/swagger/swagger-ui-bundle.js - -
2023-11-18 10:27:45.866 +02:00  INF  Request finished HTTP/2 GET https://localhost:44330/_framework/aspnetcore-browser-refresh.js - - - 200 12344 application/javascript;+charset=utf-8 35.7114ms
2023-11-18 10:27:45.906 +02:00  INF  Sending file. Request path: '/swagger-ui-bundle.js'. Physical path: 'N/A'
2023-11-18 10:27:45.906 +02:00  INF  Sending file. Request path: '/swagger-ui-standalone-preset.js'. Physical path: 'N/A'
2023-11-18 10:27:45.906 +02:00  INF  Sending file. Request path: '/swagger-ui.css'. Physical path: 'N/A'
2023-11-18 10:27:45.911 +02:00  INF  Request finished HTTP/2 GET https://localhost:44330/swagger/swagger-ui.css - - - 200 144929 text/css 88.7894ms
2023-11-18 10:27:45.922 +02:00  INF  Request finished HTTP/2 GET https://localhost:44330/swagger/swagger-ui-standalone-preset.js - - - 200 312163 application/javascript 88.2892ms
2023-11-18 10:27:45.972 +02:00  INF  Request finished HTTP/2 GET https://localhost:44330/swagger/swagger-ui-bundle.js - - - 200 1061536 application/javascript 128.6537ms
2023-11-18 10:27:45.981 +02:00  INF  Request starting HTTP/2 GET https://localhost:44330/_vs/browserLink - -
2023-11-18 10:27:46.109 +02:00  INF  Request finished HTTP/2 GET https://localhost:44330/_vs/browserLink - - - 200 - text/javascript;+charset=UTF-8 127.5296ms
2023-11-18 10:27:46.217 +02:00  INF  Request starting HTTP/2 GET https://localhost:44330/swagger/v1/swagger.json - -
2023-11-18 10:27:46.243 +02:00  INF  Request starting HTTP/2 GET https://localhost:44330/swagger/favicon-32x32.png - -
2023-11-18 10:27:46.245 +02:00  INF  Sending file. Request path: '/favicon-32x32.png'. Physical path: 'N/A'
2023-11-18 10:27:46.247 +02:00  INF  Request finished HTTP/2 GET https://localhost:44330/swagger/favicon-32x32.png - - - 200 628 image/png 4.2130ms
2023-11-18 10:27:46.527 +02:00  INF  Request finished HTTP/2 GET https://localhost:44330/swagger/v1/swagger.json - - - 200 - application/json;charset=utf-8 308.9969ms
2023-11-18 10:41:32.980 +02:00  INF  User profile is available. Using 'C:\Users\Gift.Ramashia\AppData\Local\ASP.NET\DataProtection-Keys' as key repository and Windows DPAPI to encrypt keys at rest.
2023-11-18 10:41:33.327 +02:00  INF  Application started. Press Ctrl+C to shut down.
2023-11-18 10:41:33.338 +02:00  INF  Hosting environment: Development
2023-11-18 10:41:33.339 +02:00  INF  Content root path: C:\Users\Gift.Ramashia\source\Practise\Dockerization\WebAPI\WebAPI\
2023-11-18 10:41:33.403 +02:00  INF  Request starting HTTP/2 GET https://localhost:44330/swagger/index.html - -
2023-11-18 10:41:34.081 +02:00  INF  Request starting HTTP/2 GET https://localhost:44330/_framework/aspnetcore-browser-refresh.js - -
2023-11-18 10:41:34.083 +02:00  INF  Request finished HTTP/2 GET https://localhost:44330/swagger/index.html - - - 200 - text/html;charset=utf-8 687.9256ms
2023-11-18 10:41:34.111 +02:00  INF  Request finished HTTP/2 GET https://localhost:44330/_framework/aspnetcore-browser-refresh.js - - - 200 12344 application/javascript;+charset=utf-8 25.3579ms
2023-11-18 10:41:34.255 +02:00  INF  Request starting HTTP/2 GET https://localhost:44330/_vs/browserLink - -
2023-11-18 10:41:34.334 +02:00  INF  Request finished HTTP/2 GET https://localhost:44330/_vs/browserLink - - - 200 - text/javascript;+charset=UTF-8 79.7680ms
2023-11-18 10:41:34.541 +02:00  INF  Request starting HTTP/2 GET https://localhost:44330/swagger/v1/swagger.json - -
2023-11-18 10:41:34.796 +02:00  INF  Request finished HTTP/2 GET https://localhost:44330/swagger/v1/swagger.json - - - 200 - application/json;charset=utf-8 255.1676ms
2023-11-18 10:43:05.419 +02:00  INF  Request starting HTTP/2 POST https://localhost:44330/api/Authenticate application/json 50
2023-11-18 10:43:05.697 +02:00  INF  Executing endpoint 'WebAPI.Controllers.AuthenticateController.Authenticate (WebAPI)'
2023-11-18 10:43:05.746 +02:00  INF  Route matched with {action = "Authenticate", controller = "Authenticate"}. Executing controller action with signature System.Threading.Tasks.Task`1[Microsoft.AspNetCore.Mvc.IActionResult] Authenticate(WebAPI.Common.Model.UserLogin) on controller WebAPI.Controllers.AuthenticateController (WebAPI).
2023-11-18 10:43:06.953 +02:00  INF  Executing ObjectResult, writing value of type 'Microsoft.AspNetCore.Mvc.ProblemDetails'.
2023-11-18 10:43:06.967 +02:00  INF  Executed action WebAPI.Controllers.AuthenticateController.Authenticate (WebAPI) in 1213.0293ms
2023-11-18 10:43:06.972 +02:00  INF  Executed endpoint 'WebAPI.Controllers.AuthenticateController.Authenticate (WebAPI)'
2023-11-18 10:43:06.976 +02:00  INF  Request finished HTTP/2 POST https://localhost:44330/api/Authenticate application/json 50 - 401 - application/problem+json;+charset=utf-8 1557.3457ms
2023-11-18 10:44:03.504 +02:00  INF  Request starting HTTP/1.1 POST https://localhost:44330/api/Authenticate application/json 75
2023-11-18 10:44:03.566 +02:00  INF  Executing endpoint 'WebAPI.Controllers.AuthenticateController.Authenticate (WebAPI)'
2023-11-18 10:44:03.573 +02:00  INF  Route matched with {action = "Authenticate", controller = "Authenticate"}. Executing controller action with signature System.Threading.Tasks.Task`1[Microsoft.AspNetCore.Mvc.IActionResult] Authenticate(WebAPI.Common.Model.UserLogin) on controller WebAPI.Controllers.AuthenticateController (WebAPI).
2023-11-18 10:44:03.586 +02:00  INF  Executing ObjectResult, writing value of type 'Microsoft.AspNetCore.Mvc.ProblemDetails'.
2023-11-18 10:44:03.587 +02:00  INF  Executed action WebAPI.Controllers.AuthenticateController.Authenticate (WebAPI) in 13.2897ms
2023-11-18 10:44:03.587 +02:00  INF  Executed endpoint 'WebAPI.Controllers.AuthenticateController.Authenticate (WebAPI)'
2023-11-18 10:44:03.587 +02:00  INF  Request finished HTTP/1.1 POST https://localhost:44330/api/Authenticate application/json 75 - 401 - application/problem+json;+charset=utf-8 83.7613ms
2023-11-18 10:44:47.204 +02:00  INF  Request starting HTTP/1.1 POST https://localhost:44330/api/Authenticate application/json 75
2023-11-18 10:44:47.209 +02:00  INF  Executing endpoint 'WebAPI.Controllers.AuthenticateController.Authenticate (WebAPI)'
2023-11-18 10:44:47.210 +02:00  INF  Route matched with {action = "Authenticate", controller = "Authenticate"}. Executing controller action with signature System.Threading.Tasks.Task`1[Microsoft.AspNetCore.Mvc.IActionResult] Authenticate(WebAPI.Common.Model.UserLogin) on controller WebAPI.Controllers.AuthenticateController (WebAPI).
2023-11-18 10:46:28.583 +02:00  INF  Executing ObjectResult, writing value of type 'Microsoft.AspNetCore.Mvc.ProblemDetails'.
2023-11-18 10:46:28.594 +02:00  INF  Executed action WebAPI.Controllers.AuthenticateController.Authenticate (WebAPI) in 101384.1709ms
2023-11-18 10:46:28.596 +02:00  INF  Executed endpoint 'WebAPI.Controllers.AuthenticateController.Authenticate (WebAPI)'
2023-11-18 10:46:28.597 +02:00  INF  Request finished HTTP/1.1 POST https://localhost:44330/api/Authenticate application/json 75 - 401 - application/problem+json;+charset=utf-8 101393.1712ms
2023-11-18 10:46:39.004 +02:00  INF  Request starting HTTP/1.1 POST https://localhost:44330/api/Authenticate application/json 63
2023-11-18 10:46:39.006 +02:00  INF  Executing endpoint 'WebAPI.Controllers.AuthenticateController.Authenticate (WebAPI)'
2023-11-18 10:46:39.006 +02:00  INF  Route matched with {action = "Authenticate", controller = "Authenticate"}. Executing controller action with signature System.Threading.Tasks.Task`1[Microsoft.AspNetCore.Mvc.IActionResult] Authenticate(WebAPI.Common.Model.UserLogin) on controller WebAPI.Controllers.AuthenticateController (WebAPI).
2023-11-18 10:46:42.391 +02:00  INF  Executing OkObjectResult, writing value of type 'WebAPI.Common.Model.Tokens'.
2023-11-18 10:46:42.392 +02:00  INF  Executed action WebAPI.Controllers.AuthenticateController.Authenticate (WebAPI) in 3386.1443ms
2023-11-18 10:46:42.393 +02:00  INF  Executed endpoint 'WebAPI.Controllers.AuthenticateController.Authenticate (WebAPI)'
2023-11-18 10:46:42.393 +02:00  INF  Request finished HTTP/1.1 POST https://localhost:44330/api/Authenticate application/json 63 - 200 - application/json;+charset=utf-8 3388.5816ms
2023-11-18 12:07:28.764 +02:00  INF  User profile is available. Using 'C:\Users\Gift.Ramashia\AppData\Local\ASP.NET\DataProtection-Keys' as key repository and Windows DPAPI to encrypt keys at rest.
2023-11-18 12:07:29.044 +02:00  INF  Application started. Press Ctrl+C to shut down.
2023-11-18 12:07:29.045 +02:00  INF  Hosting environment: Development
2023-11-18 12:07:29.045 +02:00  INF  Content root path: C:\Users\Gift.Ramashia\source\Practise\Dockerization\WebAPI\WebAPI\
2023-11-18 12:07:29.095 +02:00  INF  Request starting HTTP/2 GET https://localhost:44330/swagger/index.html - -
2023-11-18 12:07:29.575 +02:00  INF  Request starting HTTP/2 GET https://localhost:44330/_framework/aspnetcore-browser-refresh.js - -
2023-11-18 12:07:29.581 +02:00  INF  Request finished HTTP/2 GET https://localhost:44330/swagger/index.html - - - 200 - text/html;charset=utf-8 490.5194ms
2023-11-18 12:07:29.600 +02:00  INF  Request finished HTTP/2 GET https://localhost:44330/_framework/aspnetcore-browser-refresh.js - - - 200 12344 application/javascript;+charset=utf-8 9.5865ms
2023-11-18 12:07:29.806 +02:00  INF  Request starting HTTP/2 GET https://localhost:44330/_vs/browserLink - -
2023-11-18 12:07:29.964 +02:00  INF  Request finished HTTP/2 GET https://localhost:44330/_vs/browserLink - - - 200 - text/javascript;+charset=UTF-8 158.0679ms
2023-11-18 12:07:30.078 +02:00  INF  Request starting HTTP/2 GET https://localhost:44330/swagger/v1/swagger.json - -
2023-11-18 12:07:30.390 +02:00  INF  Request finished HTTP/2 GET https://localhost:44330/swagger/v1/swagger.json - - - 200 - application/json;charset=utf-8 312.2992ms
2023-11-18 12:07:50.760 +02:00  INF  Request starting HTTP/2 GET https://localhost:44330/api/Jobs - -
2023-11-18 12:07:51.094 +02:00  INF  Authorization failed. These requirements were not met:
DenyAnonymousAuthorizationRequirement: Requires an authenticated user.
2023-11-18 12:07:51.112 +02:00  INF  AuthenticationScheme: Bearer was challenged.
2023-11-18 12:07:51.116 +02:00  INF  Request finished HTTP/2 GET https://localhost:44330/api/Jobs - - - 401 - - 355.5292ms
2023-11-18 12:09:38.711 +02:00  INF  Request starting HTTP/2 POST https://localhost:44330/api/Authenticate application/json 50
2023-11-18 12:09:38.753 +02:00  INF  Executing endpoint 'WebAPI.Controllers.AuthenticateController.Authenticate (WebAPI)'
2023-11-18 12:09:38.831 +02:00  INF  Route matched with {action = "Authenticate", controller = "Authenticate"}. Executing controller action with signature System.Threading.Tasks.Task`1[Microsoft.AspNetCore.Mvc.IActionResult] Authenticate(WebAPI.Common.Model.UserLogin) on controller WebAPI.Controllers.AuthenticateController (WebAPI).
2023-11-18 12:09:44.296 +02:00  INF  Executing ObjectResult, writing value of type 'Microsoft.AspNetCore.Mvc.ProblemDetails'.
2023-11-18 12:09:44.319 +02:00  INF  Executed action WebAPI.Controllers.AuthenticateController.Authenticate (WebAPI) in 5473.912ms
2023-11-18 12:09:44.331 +02:00  INF  Executed endpoint 'WebAPI.Controllers.AuthenticateController.Authenticate (WebAPI)'
2023-11-18 12:09:44.337 +02:00  INF  Request finished HTTP/2 POST https://localhost:44330/api/Authenticate application/json 50 - 401 - application/problem+json;+charset=utf-8 5626.3937ms
